app/build/intermediates/manifest_merge_blame_file/debug/manifest-merger-blame-debug-report.txt
1<?xml version="1.0" encoding="utf-8"?>
2<manifest xmlns:android="http://schemas.android.com/apk/res/android"
3    package="com.example.android.devbyteviewer"
4    android:versionCode="1"
5    android:versionName="1.0" >
6
7    <uses-sdk
8        android:minSdkVersion="19"
8-->src\main\AndroidManifest.xml
9        android:targetSdkVersion="30" />
9-->src\main\AndroidManifest.xml
10
11    <uses-permission android:name="android.permission.INTERNET" />
11-->src\main\AndroidManifest.xml:7:5-67
11-->src\main\AndroidManifest.xml:7:22-64
12    <uses-permission android:name="android.permission.WAKE_LOCK" />
12-->[androidx.work:work-runtime:2.0.0] AndroidManifest.xml:23:5-68
12-->[androidx.work:work-runtime:2.0.0] AndroidManifest.xml:23:22-65
13    <uses-permission android:name="android.permission.ACCESS_NETWORK_STATE" />
13-->[androidx.work:work-runtime:2.0.0] AndroidManifest.xml:24:5-79
13-->[androidx.work:work-runtime:2.0.0] AndroidManifest.xml:24:22-76
14    <uses-permission android:name="android.permission.RECEIVE_BOOT_COMPLETED" />
14-->[androidx.work:work-runtime:2.0.0] AndroidManifest.xml:25:5-81
14-->[androidx.work:work-runtime:2.0.0] AndroidManifest.xml:25:22-78
15
16    <application
16-->src\main\AndroidManifest.xml:9:5-25:19
17        android:name="com.example.android.devbyteviewer.DevByteApplication"
17-->src\main\AndroidManifest.xml:10:9-43
18        android:allowBackup="true"
18-->src\main\AndroidManifest.xml:11:9-35
19        android:appComponentFactory="androidx.core.app.CoreComponentFactory"
19-->[androidx.core:core:1.3.1] AndroidManifest.xml:24:18-86
20        android:debuggable="true"
21        android:icon="@mipmap/ic_launcher"
21-->src\main\AndroidManifest.xml:12:9-43
22        android:label="@string/app_name"
22-->src\main\AndroidManifest.xml:13:9-41
23        android:roundIcon="@mipmap/ic_launcher_round"
23-->src\main\AndroidManifest.xml:14:9-54
24        android:supportsRtl="true"
24-->src\main\AndroidManifest.xml:15:9-35
25        android:testOnly="true"
26        android:theme="@style/AppTheme" >
26-->src\main\AndroidManifest.xml:16:9-40
27        <activity android:name="com.example.android.devbyteviewer.ui.DevByteActivity" >
27-->src\main\AndroidManifest.xml:18:9-24:20
27-->src\main\AndroidManifest.xml:18:19-53
28            <intent-filter>
28-->src\main\AndroidManifest.xml:19:13-23:29
29                <action android:name="android.intent.action.MAIN" />
29-->src\main\AndroidManifest.xml:20:17-69
29-->src\main\AndroidManifest.xml:20:25-66
30
31                <category android:name="android.intent.category.LAUNCHER" />
31-->src\main\AndroidManifest.xml:22:17-77
31-->src\main\AndroidManifest.xml:22:27-74
32            </intent-filter>
33        </activity>
34
35        <provider
35-->[androidx.work:work-runtime:2.0.0] AndroidManifest.xml:28:9-34:35
36            android:name="androidx.work.impl.WorkManagerInitializer"
36-->[androidx.work:work-runtime:2.0.0] AndroidManifest.xml:29:13-69
37            android:authorities="com.example.android.devbyteviewer.workmanager-init"
37-->[androidx.work:work-runtime:2.0.0] AndroidManifest.xml:30:13-68
38            android:directBootAware="false"
38-->[androidx.work:work-runtime:2.0.0] AndroidManifest.xml:31:13-44
39            android:exported="false"
39-->[androidx.work:work-runtime:2.0.0] AndroidManifest.xml:32:13-37
40            android:multiprocess="true" />
40-->[androidx.work:work-runtime:2.0.0] AndroidManifest.xml:33:13-40
41
42        <service
42-->[androidx.work:work-runtime:2.0.0] AndroidManifest.xml:36:9-41:35
43            android:name="androidx.work.impl.background.systemalarm.SystemAlarmService"
43-->[androidx.work:work-runtime:2.0.0] AndroidManifest.xml:37:13-88
44            android:directBootAware="false"
44-->[androidx.work:work-runtime:2.0.0] AndroidManifest.xml:38:13-44
45            android:enabled="@bool/enable_system_alarm_service_default"
45-->[androidx.work:work-runtime:2.0.0] AndroidManifest.xml:39:13-72
46            android:exported="false" />
46-->[androidx.work:work-runtime:2.0.0] AndroidManifest.xml:40:13-37
47        <service
47-->[androidx.work:work-runtime:2.0.0] AndroidManifest.xml:42:9-48:35
48            android:name="androidx.work.impl.background.systemjob.SystemJobService"
48-->[androidx.work:work-runtime:2.0.0] AndroidManifest.xml:43:13-84
49            android:directBootAware="false"
49-->[androidx.work:work-runtime:2.0.0] AndroidManifest.xml:44:13-44
50            android:enabled="@bool/enable_system_job_service_default"
50-->[androidx.work:work-runtime:2.0.0] AndroidManifest.xml:45:13-70
51            android:exported="true"
51-->[androidx.work:work-runtime:2.0.0] AndroidManifest.xml:46:13-36
52            android:permission="android.permission.BIND_JOB_SERVICE" />
52-->[androidx.work:work-runtime:2.0.0] AndroidManifest.xml:47:13-69
53
54        <receiver
54-->[androidx.work:work-runtime:2.0.0] AndroidManifest.xml:50:9-55:35
55            android:name="androidx.work.impl.utils.ForceStopRunnable$BroadcastReceiver"
55-->[androidx.work:work-runtime:2.0.0] AndroidManifest.xml:51:13-88
56            android:directBootAware="false"
56-->[androidx.work:work-runtime:2.0.0] AndroidManifest.xml:52:13-44
57            android:enabled="true"
57-->[androidx.work:work-runtime:2.0.0] AndroidManifest.xml:53:13-35
58            android:exported="false" />
58-->[androidx.work:work-runtime:2.0.0] AndroidManifest.xml:54:13-37
59        <receiver
59-->[androidx.work:work-runtime:2.0.0] AndroidManifest.xml:56:9-66:20
60            android:name="androidx.work.impl.background.systemalarm.ConstraintProxy$BatteryChargingProxy"
60-->[androidx.work:work-runtime:2.0.0] AndroidManifest.xml:57:13-106
61            android:directBootAware="false"
61-->[androidx.work:work-runtime:2.0.0] AndroidManifest.xml:58:13-44
62            android:enabled="false"
62-->[androidx.work:work-runtime:2.0.0] AndroidManifest.xml:59:13-36
63            android:exported="false" >
63-->[androidx.work:work-runtime:2.0.0] AndroidManifest.xml:60:13-37
64            <intent-filter>
64-->[androidx.work:work-runtime:2.0.0] AndroidManifest.xml:62:13-65:29
65                <action android:name="android.intent.action.ACTION_POWER_CONNECTED" />
65-->[androidx.work:work-runtime:2.0.0] AndroidManifest.xml:63:17-87
65-->[androidx.work:work-runtime:2.0.0] AndroidManifest.xml:63:25-84
66                <action android:name="android.intent.action.ACTION_POWER_DISCONNECTED" />
66-->[androidx.work:work-runtime:2.0.0] AndroidManifest.xml:64:17-90
66-->[androidx.work:work-runtime:2.0.0] AndroidManifest.xml:64:25-87
67            </intent-filter>
68        </receiver>
69        <receiver
69-->[androidx.work:work-runtime:2.0.0] AndroidManifest.xml:67:9-77:20
70            android:name="androidx.work.impl.background.systemalarm.ConstraintProxy$BatteryNotLowProxy"
70-->[androidx.work:work-runtime:2.0.0] AndroidManifest.xml:68:13-104
71            android:directBootAware="false"
71-->[androidx.work:work-runtime:2.0.0] AndroidManifest.xml:69:13-44
72            android:enabled="false"
72-->[androidx.work:work-runtime:2.0.0] AndroidManifest.xml:70:13-36
73            android:exported="false" >
73-->[androidx.work:work-runtime:2.0.0] AndroidManifest.xml:71:13-37
74            <intent-filter>
74-->[androidx.work:work-runtime:2.0.0] AndroidManifest.xml:73:13-76:29
75                <action android:name="android.intent.action.BATTERY_OKAY" />
75-->[androidx.work:work-runtime:2.0.0] AndroidManifest.xml:74:17-77
75-->[androidx.work:work-runtime:2.0.0] AndroidManifest.xml:74:25-74
76                <action android:name="android.intent.action.BATTERY_LOW" />
76-->[androidx.work:work-runtime:2.0.0] AndroidManifest.xml:75:17-76
76-->[androidx.work:work-runtime:2.0.0] AndroidManifest.xml:75:25-73
77            </intent-filter>
78        </receiver>
79        <receiver
79-->[androidx.work:work-runtime:2.0.0] AndroidManifest.xml:78:9-88:20
80            android:name="androidx.work.impl.background.systemalarm.ConstraintProxy$StorageNotLowProxy"
80-->[androidx.work:work-runtime:2.0.0] AndroidManifest.xml:79:13-104
81            android:directBootAware="false"
81-->[androidx.work:work-runtime:2.0.0] AndroidManifest.xml:80:13-44
82            android:enabled="false"
82-->[androidx.work:work-runtime:2.0.0] AndroidManifest.xml:81:13-36
83            android:exported="false" >
83-->[androidx.work:work-runtime:2.0.0] AndroidManifest.xml:82:13-37
84            <intent-filter>
84-->[androidx.work:work-runtime:2.0.0] AndroidManifest.xml:84:13-87:29
85                <action android:name="android.intent.action.DEVICE_STORAGE_LOW" />
85-->[androidx.work:work-runtime:2.0.0] AndroidManifest.xml:85:17-83
85-->[androidx.work:work-runtime:2.0.0] AndroidManifest.xml:85:25-80
86                <action android:name="android.intent.action.DEVICE_STORAGE_OK" />
86-->[androidx.work:work-runtime:2.0.0] AndroidManifest.xml:86:17-82
86-->[androidx.work:work-runtime:2.0.0] AndroidManifest.xml:86:25-79
87            </intent-filter>
88        </receiver>
89        <receiver
89-->[androidx.work:work-runtime:2.0.0] AndroidManifest.xml:89:9-98:20
90            android:name="androidx.work.impl.background.systemalarm.ConstraintProxy$NetworkStateProxy"
90-->[androidx.work:work-runtime:2.0.0] AndroidManifest.xml:90:13-103
91            android:directBootAware="false"
91-->[androidx.work:work-runtime:2.0.0] AndroidManifest.xml:91:13-44
92            android:enabled="false"
92-->[androidx.work:work-runtime:2.0.0] AndroidManifest.xml:92:13-36
93            android:exported="false" >
93-->[androidx.work:work-runtime:2.0.0] AndroidManifest.xml:93:13-37
94            <intent-filter>
94-->[androidx.work:work-runtime:2.0.0] AndroidManifest.xml:95:13-97:29
95                <action android:name="android.net.conn.CONNECTIVITY_CHANGE" />
95-->[androidx.work:work-runtime:2.0.0] AndroidManifest.xml:96:17-79
95-->[androidx.work:work-runtime:2.0.0] AndroidManifest.xml:96:25-76
96            </intent-filter>
97        </receiver>
98        <receiver
98-->[androidx.work:work-runtime:2.0.0] AndroidManifest.xml:99:9-110:20
99            android:name="androidx.work.impl.background.systemalarm.RescheduleReceiver"
99-->[androidx.work:work-runtime:2.0.0] AndroidManifest.xml:100:13-88
100            android:directBootAware="false"
100-->[androidx.work:work-runtime:2.0.0] AndroidManifest.xml:101:13-44
101            android:enabled="false"
101-->[androidx.work:work-runtime:2.0.0] AndroidManifest.xml:102:13-36
102            android:exported="false" >
102-->[androidx.work:work-runtime:2.0.0] AndroidManifest.xml:103:13-37
103            <intent-filter>
103-->[androidx.work:work-runtime:2.0.0] AndroidManifest.xml:105:13-109:29
104                <action android:name="android.intent.action.BOOT_COMPLETED" />
104-->[androidx.work:work-runtime:2.0.0] AndroidManifest.xml:106:17-79
104-->[androidx.work:work-runtime:2.0.0] AndroidManifest.xml:106:25-76
105                <action android:name="android.intent.action.TIME_SET" />
105-->[androidx.work:work-runtime:2.0.0] AndroidManifest.xml:107:17-73
105-->[androidx.work:work-runtime:2.0.0] AndroidManifest.xml:107:25-70
106                <action android:name="android.intent.action.TIMEZONE_CHANGED" />
106-->[androidx.work:work-runtime:2.0.0] AndroidManifest.xml:108:17-81
106-->[androidx.work:work-runtime:2.0.0] AndroidManifest.xml:108:25-78
107            </intent-filter>
108        </receiver>
109        <receiver
109-->[androidx.work:work-runtime:2.0.0] AndroidManifest.xml:111:9-120:20
110            android:name="androidx.work.impl.background.systemalarm.ConstraintProxyUpdateReceiver"
110-->[androidx.work:work-runtime:2.0.0] AndroidManifest.xml:112:13-99
111            android:directBootAware="false"
111-->[androidx.work:work-runtime:2.0.0] AndroidManifest.xml:113:13-44
112            android:enabled="@bool/enable_system_alarm_service_default"
112-->[androidx.work:work-runtime:2.0.0] AndroidManifest.xml:114:13-72
113            android:exported="false" >
113-->[androidx.work:work-runtime:2.0.0] AndroidManifest.xml:115:13-37
114            <intent-filter>
114-->[androidx.work:work-runtime:2.0.0] AndroidManifest.xml:117:13-119:29
115                <action android:name="androidx.work.impl.background.systemalarm.UpdateProxies" />
115-->[androidx.work:work-runtime:2.0.0] AndroidManifest.xml:118:17-98
115-->[androidx.work:work-runtime:2.0.0] AndroidManifest.xml:118:25-95
116            </intent-filter>
117        </receiver>
118
119        <service
119-->[androidx.room:room-runtime:2.2.0] AndroidManifest.xml:25:9-27:40
120            android:name="androidx.room.MultiInstanceInvalidationService"
120-->[androidx.room:room-runtime:2.2.0] AndroidManifest.xml:26:13-74
121            android:exported="false" />
121-->[androidx.room:room-runtime:2.2.0] AndroidManifest.xml:27:13-37
122
123        <provider
123-->[androidx.lifecycle:lifecycle-process:2.2.0] AndroidManifest.xml:25:9-29:43
124            android:name="androidx.lifecycle.ProcessLifecycleOwnerInitializer"
124-->[androidx.lifecycle:lifecycle-process:2.2.0] AndroidManifest.xml:26:13-79
125            android:authorities="com.example.android.devbyteviewer.lifecycle-process"
125-->[androidx.lifecycle:lifecycle-process:2.2.0] AndroidManifest.xml:27:13-69
126            android:exported="false"
126-->[androidx.lifecycle:lifecycle-process:2.2.0] AndroidManifest.xml:28:13-37
127            android:multiprocess="true" />
127-->[androidx.lifecycle:lifecycle-process:2.2.0] AndroidManifest.xml:29:13-40
128    </application>
129
130</manifest>